[2018-12-09 04:41:43] local.ERROR: SQLSTATE[42S02]: Base table or view not found: 1146 Table 'laravel.accounts' doesn't exist (SQL: select * from `accounts` where `accounts`.`accId` = 1 limit 1) {"exception":"[object] (Illuminate\\Database\\QueryException(code: 42S02): SQLSTATE[42S02]: Base table or view not found: 1146 Table 'laravel.accounts' doesn't exist (SQL: select * from `accounts` where `accounts`.`accId` = 1 limit 1) at G:\\Fall-18\\ADVANCED TOPICS IN PROGRAMMING III [B]\\Final\\labExam\\vendor\\laravel\\framework\\src\\Illuminate\\Database\\Connection.php:664, PDOException(code: 42S02): SQLSTATE[42S02]: Base table or view not found: 1146 Table 'laravel.accounts' doesn't exist at G:\\Fall-18\\ADVANCED TOPICS IN PROGRAMMING III [B]\\Final\\labExam\\vendor\\laravel\\framework\\src\\Illuminate\\Database\\Connection.php:326)
[stacktrace]
#0 G:\\Fall-18\\ADVANCED TOPICS IN PROGRAMMING III [B]\\Final\\labExam\\vendor\\laravel\\framework\\src\\Illuminate\\Database\\Connection.php(624): Illuminate\\Database\\Connection->runQueryCallback('select * from `...', Array, Object(Closure))
#1 G:\\Fall-18\\ADVANCED TOPICS IN PROGRAMMING III [B]\\Final\\labExam\\vendor\\laravel\\framework\\src\\Illuminate\\Database\\Connection.php(333): Illuminate\\Database\\Connection->run('select * from `...', Array, Object(Closure))
#2 G:\\Fall-18\\ADVANCED TOPICS IN PROGRAMMING III [B]\\Final\\labExam\\vendor\\laravel\\framework\\src\\Illuminate\\Database\\Query\\Builder.php(2062): Illuminate\\Database\\Connection->select('select * from `...', Array, true)
#3 G:\\Fall-18\\ADVANCED TOPICS IN PROGRAMMING III [B]\\Final\\labExam\\vendor\\laravel\\framework\\src\\Illuminate\\Database\\Query\\Builder.php(2050): Illuminate\\Database\\Query\\Builder->runSelect()
#4 G:\\Fall-18\\ADVANCED TOPICS IN PROGRAMMING III [B]\\Final\\labExam\\vendor\\laravel\\framework\\src\\Illuminate\\Database\\Query\\Builder.php(2536): Illuminate\\Database\\Query\\Builder->Illuminate\\Database\\Query\\{closure}()
#5 G:\\Fall-18\\ADVANCED TOPICS IN PROGRAMMING III [B]\\Final\\labExam\\vendor\\laravel\\framework\\src\\Illuminate\\Database\\Query\\Builder.php(2051): Illuminate\\Database\\Query\\Builder->onceWithColumns(Array, Object(Closure))
#6 G:\\Fall-18\\ADVANCED TOPICS IN PROGRAMMING III [B]\\Final\\labExam\\vendor\\laravel\\framework\\src\\Illuminate\\Database\\Eloquent\\Builder.php(516): Illuminate\\Database\\Query\\Builder->get(Array)
#7 G:\\Fall-18\\ADVANCED TOPICS IN PROGRAMMING III [B]\\Final\\labExam\\vendor\\laravel\\framework\\src\\Illuminate\\Database\\Eloquent\\Builder.php(500): Illuminate\\Database\\Eloquent\\Builder->getModels(Array)
#8 G:\\Fall-18\\ADVANCED TOPICS IN PROGRAMMING III [B]\\Final\\labExam\\vendor\\laravel\\framework\\src\\Illuminate\\Database\\Concerns\\BuildsQueries.php(77): Illuminate\\Database\\Eloquent\\Builder->get(Array)
#9 G:\\Fall-18\\ADVANCED TOPICS IN PROGRAMMING III [B]\\Final\\labExam\\vendor\\laravel\\framework\\src\\Illuminate\\Database\\Eloquent\\Builder.php(326): Illuminate\\Database\\Eloquent\\Builder->first(Array)
#10 G:\\Fall-18\\ADVANCED TOPICS IN PROGRAMMING III [B]\\Final\\labExam\\vendor\\laravel\\framework\\src\\Illuminate\\Support\\Traits\\ForwardsCalls.php(23): Illuminate\\Database\\Eloquent\\Builder->find('1')
#11 G:\\Fall-18\\ADVANCED TOPICS IN PROGRAMMING III [B]\\Final\\labExam\\vendor\\laravel\\framework\\src\\Illuminate\\Database\\Eloquent\\Model.php(1608): Illuminate\\Database\\Eloquent\\Model->forwardCallTo(Object(Illuminate\\Database\\Eloquent\\Builder), 'find', Array)
#12 G:\\Fall-18\\ADVANCED TOPICS IN PROGRAMMING III [B]\\Final\\labExam\\vendor\\laravel\\framework\\src\\Illuminate\\Database\\Eloquent\\Model.php(1620): Illuminate\\Database\\Eloquent\\Model->__call('find', Array)
#13 G:\\Fall-18\\ADVANCED TOPICS IN PROGRAMMING III [B]\\Final\\labExam\\app\\Http\\Controllers\\AccountController.php(103): Illuminate\\Database\\Eloquent\\Model::__callStatic('find', Array)
#14 [internal function]: App\\Http\\Controllers\\AccountController->edit('1')
#15 G:\\Fall-18\\ADVANCED TOPICS IN PROGRAMMING III [B]\\Final\\labExam\\vendor\\laravel\\framework\\src\\Illuminate\\Routing\\Controller.php(54): call_user_func_array(Array, Array)
#16 G:\\Fall-18\\ADVANCED TOPICS IN PROGRAMMING III [B]\\Final\\labExam\\vendor\\laravel\\framework\\src\\Illuminate\\Routing\\ControllerDispatcher.php(45): Illuminate\\Routing\\Controller->callAction('edit', Array)
#17 G:\\Fall-18\\ADVANCED TOPICS IN PROGRAMMING III [B]\\Final\\labExam\\vendor\\laravel\\framework\\src\\Illuminate\\Routing\\Route.php(212): Illuminate\\Routing\\ControllerDispatcher->dispatch(Object(Illuminate\\Routing\\Route), Object(App\\Http\\Controllers\\AccountController), 'edit')
#18 G:\\Fall-18\\ADVANCED TOPICS IN PROGRAMMING III [B]\\Final\\labExam\\vendor\\laravel\\framework\\src\\Illuminate\\Routing\\Route.php(169): Illuminate\\Routing\\Route->runController()
#19 G:\\Fall-18\\ADVANCED TOPICS IN PROGRAMMING III [B]\\Final\\labExam\\vendor\\laravel\\framework\\src\\Illuminate\\Routing\\Router.php(682): Illuminate\\Routing\\Route->run()
#20 G:\\Fall-18\\ADVANCED TOPICS IN PROGRAMMING III [B]\\Final\\labExam\\vendor\\laravel\\framework\\src\\Illuminate\\Routing\\Pipeline.php(30): Illuminate\\Routing\\Router->Illuminate\\Routing\\{closure}(Object(Illuminate\\Http\\Request))
#21 G:\\Fall-18\\ADVANCED TOPICS IN PROGRAMMING III [B]\\Final\\labExam\\vendor\\laravel\\framework\\src\\Illuminate\\Routing\\Middleware\\SubstituteBindings.php(41): Illuminate\\Routing\\Pipeline->Illuminate\\Routing\\{closure}(Object(Illuminate\\Http\\Request))
#22 G:\\Fall-18\\ADVANCED TOPICS IN PROGRAMMING III [B]\\Final\\labExam\\vendor\\laravel\\framework\\src\\Illuminate\\Pipeline\\Pipeline.php(151): Illuminate\\Routing\\Middleware\\SubstituteBindings->handle(Object(Illuminate\\Http\\Request), Object(Closure))
#23 G:\\Fall-18\\ADVANCED TOPICS IN PROGRAMMING III [B]\\Final\\labExam\\vendor\\laravel\\framework\\src\\Illuminate\\Routing\\Pipeline.php(53): Illuminate\\Pipeline\\Pipeline->Illuminate\\Pipeline\\{closure}(Object(Illuminate\\Http\\Request))
#24 G:\\Fall-18\\ADVANCED TOPICS IN PROGRAMMING III [B]\\Final\\labExam\\vendor\\laravel\\framework\\src\\Illuminate\\Foundation\\Http\\Middleware\\VerifyCsrfToken.php(75): Illuminate\\Routing\\Pipeline->Illuminate\\Routing\\{closure}(Object(Illuminate\\Http\\Request))
#25 G:\\Fall-18\\ADVANCED TOPICS IN PROGRAMMING III [B]\\Final\\labExam\\vendor\\laravel\\framework\\src\\Illuminate\\Pipeline\\Pipeline.php(151): Illuminate\\Foundation\\Http\\Middleware\\VerifyCsrfToken->handle(Object(Illuminate\\Http\\Request), Object(Closure))
#26 G:\\Fall-18\\ADVANCED TOPICS IN PROGRAMMING III [B]\\Final\\labExam\\vendor\\laravel\\framework\\src\\Illuminate\\Routing\\Pipeline.php(53): Illuminate\\Pipeline\\Pipeline->Illuminate\\Pipeline\\{closure}(Object(Illuminate\\Http\\Request))
#27 G:\\Fall-18\\ADVANCED TOPICS IN PROGRAMMING III [B]\\Final\\labExam\\vendor\\laravel\\framework\\src\\Illuminate\\View\\Middleware\\ShareErrorsFromSession.php(49): Illuminate\\Routing\\Pipeline->Illuminate\\Routing\\{closure}(Object(Illuminate\\Http\\Request))
#28 G:\\Fall-18\\ADVANCED TOPICS IN PROGRAMMING III [B]\\Final\\labExam\\vendor\\laravel\\framework\\src\\Illuminate\\Pipeline\\Pipeline.php(151): Illuminate\\View\\Middleware\\ShareErrorsFromSession->handle(Object(Illuminate\\Http\\Request), Object(Closure))
#29 G:\\Fall-18\\ADVANCED TOPICS IN PROGRAMMING III [B]\\Final\\labExam\\vendor\\laravel\\framework\\src\\Illuminate\\Routing\\Pipeline.php(53): Illuminate\\Pipeline\\Pipeline->Illuminate\\Pipeline\\{closure}(Object(Illuminate\\Http\\Request))
#30 G:\\Fall-18\\ADVANCED TOPICS IN PROGRAMMING III [B]\\Final\\labExam\\vendor\\laravel\\framework\\src\\Illuminate\\Session\\Middleware\\StartSession.php(63): Illuminate\\Routing\\Pipeline->Illuminate\\Routing\\{closure}(Object(Illuminate\\Http\\Request))
#31 G:\\Fall-18\\ADVANCED TOPICS IN PROGRAMMING III [B]\\Final\\labExam\\vendor\\laravel\\framework\\src\\Illuminate\\Pipeline\\Pipeline.php(151): Illuminate\\Session\\Middleware\\StartSession->handle(Object(Illuminate\\Http\\Request), Object(Closure))
#32 G:\\Fall-18\\ADVANCED TOPICS IN PROGRAMMING III [B]\\Final\\labExam\\vendor\\laravel\\framework\\src\\Illuminate\\Routing\\Pipeline.php(53): Illuminate\\Pipeline\\Pipeline->Illuminate\\Pipeline\\{closure}(Object(Illuminate\\Http\\Request))
#33 G:\\Fall-18\\ADVANCED TOPICS IN PROGRAMMING III [B]\\Final\\labExam\\vendor\\laravel\\framework\\src\\Illuminate\\Cookie\\Middleware\\AddQueuedCookiesToResponse.php(37): Illuminate\\Routing\\Pipeline->Illuminate\\Routing\\{closure}(Object(Illuminate\\Http\\Request))
#34 G:\\Fall-18\\ADVANCED TOPICS IN PROGRAMMING III [B]\\Final\\labExam\\vendor\\laravel\\framework\\src\\Illuminate\\Pipeline\\Pipeline.php(151): Illuminate\\Cookie\\Middleware\\AddQueuedCookiesToResponse->handle(Object(Illuminate\\Http\\Request), Object(Closure))
#35 G:\\Fall-18\\ADVANCED TOPICS IN PROGRAMMING III [B]\\Final\\labExam\\vendor\\laravel\\framework\\src\\Illuminate\\Routing\\Pipeline.php(53): Illuminate\\Pipeline\\Pipeline->Illuminate\\Pipeline\\{closure}(Object(Illuminate\\Http\\Request))
#36 G:\\Fall-18\\ADVANCED TOPICS IN PROGRAMMING III [B]\\Final\\labExam\\vendor\\laravel\\framework\\src\\Illuminate\\Cookie\\Middleware\\EncryptCookies.php(66): Illuminate\\Routing\\Pipeline->Illuminate\\Routing\\{closure}(Object(Illuminate\\Http\\Request))
#37 G:\\Fall-18\\ADVANCED TOPICS IN PROGRAMMING III [B]\\Final\\labExam\\vendor\\laravel\\framework\\src\\Illuminate\\Pipeline\\Pipeline.php(151): Illuminate\\Cookie\\Middleware\\EncryptCookies->handle(Object(Illuminate\\Http\\Request), Object(Closure))
#38 G:\\Fall-18\\ADVANCED TOPICS IN PROGRAMMING III [B]\\Final\\labExam\\vendor\\laravel\\framework\\src\\Illuminate\\Routing\\Pipeline.php(53): Illuminate\\Pipeline\\Pipeline->Illuminate\\Pipeline\\{closure}(Object(Illuminate\\Http\\Request))
#39 G:\\Fall-18\\ADVANCED TOPICS IN PROGRAMMING III [B]\\Final\\labExam\\vendor\\laravel\\framework\\src\\Illuminate\\Pipeline\\Pipeline.php(104): Illuminate\\Routing\\Pipeline->Illuminate\\Routing\\{closure}(Object(Illuminate\\Http\\Request))
#40 G:\\Fall-18\\ADVANCED TOPICS IN PROGRAMMING III [B]\\Final\\labExam\\vendor\\laravel\\framework\\src\\Illuminate\\Routing\\Router.php(684): Illuminate\\Pipeline\\Pipeline->then(Object(Closure))
#41 G:\\Fall-18\\ADVANCED TOPICS IN PROGRAMMING III [B]\\Final\\labExam\\vendor\\laravel\\framework\\src\\Illuminate\\Routing\\Router.php(659): Illuminate\\Routing\\Router->runRouteWithinStack(Object(Illuminate\\Routing\\Route), Object(Illuminate\\Http\\Request))
#42 G:\\Fall-18\\ADVANCED TOPICS IN PROGRAMMING III [B]\\Final\\labExam\\vendor\\laravel\\framework\\src\\Illuminate\\Routing\\Router.php(625): Illuminate\\Routing\\Router->runRoute(Object(Illuminate\\Http\\Request), Object(Illuminate\\Routing\\Route))
#43 G:\\Fall-18\\ADVANCED TOPICS IN PROGRAMMING III [B]\\Final\\labExam\\vendor\\laravel\\framework\\src\\Illuminate\\Routing\\Router.php(614): Illuminate\\Routing\\Router->dispatchToRoute(Object(Illuminate\\Http\\Request))
#44 G:\\Fall-18\\ADVANCED TOPICS IN PROGRAMMING III [B]\\Final\\labExam\\vendor\\laravel\\framework\\src\\Illuminate\\Foundation\\Http\\Kernel.php(176): Illuminate\\Routing\\Router->dispatch(Object(Illuminate\\Http\\Request))
#45 G:\\Fall-18\\ADVANCED TOPICS IN PROGRAMMING III [B]\\Final\\labExam\\vendor\\laravel\\framework\\src\\Illuminate\\Routing\\Pipeline.php(30): Illuminate\\Foundation\\Http\\Kernel->Illuminate\\Foundation\\Http\\{closure}(Object(Illuminate\\Http\\Request))
#46 G:\\Fall-18\\ADVANCED TOPICS IN PROGRAMMING III [B]\\Final\\labExam\\vendor\\fideloper\\proxy\\src\\TrustProxies.php(57): Illuminate\\Routing\\Pipeline->Illuminate\\Routing\\{closure}(Object(Illuminate\\Http\\Request))
#47 G:\\Fall-18\\ADVANCED TOPICS IN PROGRAMMING III [B]\\Final\\labExam\\vendor\\laravel\\framework\\src\\Illuminate\\Pipeline\\Pipeline.php(151): Fideloper\\Proxy\\TrustProxies->handle(Object(Illuminate\\Http\\Request), Object(Closure))
#48 G:\\Fall-18\\ADVANCED TOPICS IN PROGRAMMING III [B]\\Final\\labExam\\vendor\\laravel\\framework\\src\\Illuminate\\Routing\\Pipeline.php(53): Illuminate\\Pipeline\\Pipeline->Illuminate\\Pipeline\\{closure}(Object(Illuminate\\Http\\Request))
#49 G:\\Fall-18\\ADVANCED TOPICS IN PROGRAMMING III [B]\\Final\\labExam\\vendor\\laravel\\framework\\src\\Illuminate\\Foundation\\Http\\Middleware\\TransformsRequest.php(31): Illuminate\\Routing\\Pipeline->Illuminate\\Routing\\{closure}(Object(Illuminate\\Http\\Request))
#50 G:\\Fall-18\\ADVANCED TOPICS IN PROGRAMMING III [B]\\Final\\labExam\\vendor\\laravel\\framework\\src\\Illuminate\\Pipeline\\Pipeline.php(151): Illuminate\\Foundation\\Http\\Middleware\\TransformsRequest->handle(Object(Illuminate\\Http\\Request), Object(Closure))
#51 G:\\Fall-18\\ADVANCED TOPICS IN PROGRAMMING III [B]\\Final\\labExam\\vendor\\laravel\\framework\\src\\Illuminate\\Routing\\Pipeline.php(53): Illuminate\\Pipeline\\Pipeline->Illuminate\\Pipeline\\{closure}(Object(Illuminate\\Http\\Request))
#52 G:\\Fall-18\\ADVANCED TOPICS IN PROGRAMMING III [B]\\Final\\labExam\\vendor\\laravel\\framework\\src\\Illuminate\\Foundation\\Http\\Middleware\\TransformsRequest.php(31): Illuminate\\Routing\\Pipeline->Illuminate\\Routing\\{closure}(Object(Illuminate\\Http\\Request))
#53 G:\\Fall-18\\ADVANCED TOPICS IN PROGRAMMING III [B]\\Final\\labExam\\vendor\\laravel\\framework\\src\\Illuminate\\Pipeline\\Pipeline.php(151): Illuminate\\Foundation\\Http\\Middleware\\TransformsRequest->handle(Object(Illuminate\\Http\\Request), Object(Closure))
#54 G:\\Fall-18\\ADVANCED TOPICS IN PROGRAMMING III [B]\\Final\\labExam\\vendor\\laravel\\framework\\src\\Illuminate\\Routing\\Pipeline.php(53): Illuminate\\Pipeline\\Pipeline->Illuminate\\Pipeline\\{closure}(Object(Illuminate\\Http\\Request))
#55 G:\\Fall-18\\ADVANCED TOPICS IN PROGRAMMING III [B]\\Final\\labExam\\vendor\\laravel\\framework\\src\\Illuminate\\Foundation\\Http\\Middleware\\ValidatePostSize.php(27): Illuminate\\Routing\\Pipeline->Illuminate\\Routing\\{closure}(Object(Illuminate\\Http\\Request))
#56 G:\\Fall-18\\ADVANCED TOPICS IN PROGRAMMING III [B]\\Final\\labExam\\vendor\\laravel\\framework\\src\\Illuminate\\Pipeline\\Pipeline.php(151): Illuminate\\Foundation\\Http\\Middleware\\ValidatePostSize->handle(Object(Illuminate\\Http\\Request), Object(Closure))
#57 G:\\Fall-18\\ADVANCED TOPICS IN PROGRAMMING III [B]\\Final\\labExam\\vendor\\laravel\\framework\\src\\Illuminate\\Routing\\Pipeline.php(53): Illuminate\\Pipeline\\Pipeline->Illuminate\\Pipeline\\{closure}(Object(Illuminate\\Http\\Request))
#58 G:\\Fall-18\\ADVANCED TOPICS IN PROGRAMMING III [B]\\Final\\labExam\\vendor\\laravel\\framework\\src\\Illuminate\\Foundation\\Http\\Middleware\\CheckForMaintenanceMode.php(62): Illuminate\\Routing\\Pipeline->Illuminate\\Routing\\{closure}(Object(Illuminate\\Http\\Request))
#59 G:\\Fall-18\\ADVANCED TOPICS IN PROGRAMMING III [B]\\Final\\labExam\\vendor\\laravel\\framework\\src\\Illuminate\\Pipeline\\Pipeline.php(151): Illuminate\\Foundation\\Http\\Middleware\\CheckForMaintenanceMode->handle(Object(Illuminate\\Http\\Request), Object(Closure))
#60 G:\\Fall-18\\ADVANCED TOPICS IN PROGRAMMING III [B]\\Final\\labExam\\vendor\\laravel\\framework\\src\\Illuminate\\Routing\\Pipeline.php(53): Illuminate\\Pipeline\\Pipeline->Illuminate\\Pipeline\\{closure}(Object(Illuminate\\Http\\Request))
#61 G:\\Fall-18\\ADVANCED TOPICS IN PROGRAMMING III [B]\\Final\\labExam\\vendor\\laravel\\framework\\src\\Illuminate\\Pipeline\\Pipeline.php(104): Illuminate\\Routing\\Pipeline->Illuminate\\Routing\\{closure}(Object(Illuminate\\Http\\Request))
#62 G:\\Fall-18\\ADVANCED TOPICS IN PROGRAMMING III [B]\\Final\\labExam\\vendor\\laravel\\framework\\src\\Illuminate\\Foundation\\Http\\Kernel.php(151): Illuminate\\Pipeline\\Pipeline->then(Object(Closure))
#63 G:\\Fall-18\\ADVANCED TOPICS IN PROGRAMMING III [B]\\Final\\labExam\\vendor\\laravel\\framework\\src\\Illuminate\\Foundation\\Http\\Kernel.php(116): Illuminate\\Foundation\\Http\\Kernel->sendRequestThroughRouter(Object(Illuminate\\Http\\Request))
#64 G:\\Fall-18\\ADVANCED TOPICS IN PROGRAMMING III [B]\\Final\\labExam\\public\\index.php(55): Illuminate\\Foundation\\Http\\Kernel->handle(Object(Illuminate\\Http\\Request))
#65 G:\\Fall-18\\ADVANCED TOPICS IN PROGRAMMING III [B]\\Final\\labExam\\server.php(21): require_once('G:\\\\Fall-18\\\\ADVA...')
#66 {main}
"} 
